<?xml version="1.0" encoding="UTF-8"?>
<!-- Generated by org.testng.reporters.JUnitReportReporter -->
<testsuite skipped="2" hostname="DESKTOP-CTF2I0S" name="testNg.Attributes" tests="8" failures="0" timestamp="2023-02-04T10:26:02 IST" time="0.077" errors="2">
  <testcase name="method2" time="0.043" classname="testNg.Attributes"/>
  <system-out/>
  <testcase name="method6" time="0.024" classname="testNg.Attributes"/>
  <system-out/>
  <testcase name="method5" time="0.007" classname="testNg.Attributes"/>
  <system-out/>
  <testcase name="method4" time="0.003" classname="testNg.Attributes"/>
  <system-out/>
  <testcase name="method1" time="0.000" classname="testNg.Attributes">
    <error type="org.testng.TestNGException" message="
Parameter &#039;name&#039; is required by @Test on method method1 but has not been marked @Optional or defined
in F:\Selenium\Project\testng1.xml">
      <![CDATA[org.testng.TestNGException: 
Parameter 'name' is required by @Test on method method1 but has not been marked @Optional or defined
in F:\Selenium\Project\testng1.xml
at org.testng.internal.Parameters.createParams(Parameters.java:270)
at org.testng.internal.Parameters.createParametersForMethod(Parameters.java:358)
at org.testng.internal.Parameters.createParameters(Parameters.java:700)
at org.testng.internal.Parameters.handleParameters(Parameters.java:884)
at org.testng.internal.Parameters.handleParameters(Parameters.java:740)
at org.testng.internal.ParameterHandler.handleParameters(ParameterHandler.java:59)
at org.testng.internal.ParameterHandler.createParameters(ParameterHandler.java:38)
at org.testng.internal.TestInvoker$MethodInvocationAgent.invoke(TestInvoker.java:791)
at org.testng.internal.TestInvoker.invokeTestMethods(TestInvoker.java:146)
at org.testng.internal.TestMethodWorker.invokeTestMethods(TestMethodWorker.java:146)
at org.testng.internal.TestMethodWorker.run(TestMethodWorker.java:128)
at java.util.concurrent.ThreadPoolExecutor.runWorker(Unknown Source)
at java.util.concurrent.ThreadPoolExecutor$Worker.run(Unknown Source)
at java.lang.Thread.run(Unknown Source)
]]>
    </error>
  </testcase> <!-- method1 -->
  <system-out/>
  <testcase name="method3" time="0.000" classname="testNg.Attributes">
    <error type="org.testng.TestNGException" message="
Parameter &#039;name1&#039; is required by @Test on method method3 but has not been marked @Optional or defined
in F:\Selenium\Project\testng1.xml">
      <![CDATA[org.testng.TestNGException: 
Parameter 'name1' is required by @Test on method method3 but has not been marked @Optional or defined
in F:\Selenium\Project\testng1.xml
at org.testng.internal.Parameters.createParams(Parameters.java:270)
at org.testng.internal.Parameters.createParametersForMethod(Parameters.java:358)
at org.testng.internal.Parameters.createParameters(Parameters.java:700)
at org.testng.internal.Parameters.handleParameters(Parameters.java:884)
at org.testng.internal.Parameters.handleParameters(Parameters.java:740)
at org.testng.internal.ParameterHandler.handleParameters(ParameterHandler.java:59)
at org.testng.internal.ParameterHandler.createParameters(ParameterHandler.java:38)
at org.testng.internal.TestInvoker$MethodInvocationAgent.invoke(TestInvoker.java:791)
at org.testng.internal.TestInvoker.invokeTestMethods(TestInvoker.java:146)
at org.testng.internal.TestMethodWorker.invokeTestMethods(TestMethodWorker.java:146)
at org.testng.internal.TestMethodWorker.run(TestMethodWorker.java:128)
at java.util.concurrent.ThreadPoolExecutor.runWorker(Unknown Source)
at java.util.concurrent.ThreadPoolExecutor$Worker.run(Unknown Source)
at java.lang.Thread.run(Unknown Source)
]]>
    </error>
  </testcase> <!-- method3 -->
  <system-out/>
  <testcase name="method8" classname="testNg.Attributes">
    <skipped/>
  </testcase> <!-- method8 -->
  <system-out/>
  <testcase name="method7" classname="testNg.Attributes">
    <skipped/>
  </testcase> <!-- method7 -->
  <system-out/>
</testsuite> <!-- testNg.Attributes -->
